<?xml version="1.0" encoding="UTF-8"?>
<testsuite xmlns:xsi="http://www.w3.org/2001/XMLSchema-instance" xsi:noNamespaceSchemaLocation="https://maven.apache.org/surefire/maven-surefire-plugin/xsd/surefire-test-report.xsd" name="com.bigdataindexing.project.ProjectApplicationTests" time="3.826" tests="1" errors="0" skipped="0" failures="0">
  <properties>
    <property name="java.specification.version" value="17"/>
    <property name="sun.cpu.isalist" value="amd64"/>
    <property name="sun.jnu.encoding" value="Cp1252"/>
    <property name="java.class.path" value="C:\Users\risha\Downloads\project\project\target\test-classes;C:\Users\risha\Downloads\project\project\target\classes;C:\Users\risha\.m2\repository\com\github\everit-org\json-schema\org.everit.json.schema\1.12.2\org.everit.json.schema-1.12.2.jar;C:\Users\risha\.m2\repository\org\json\json\20201115\json-20201115.jar;C:\Users\risha\.m2\repository\commons-validator\commons-validator\1.6\commons-validator-1.6.jar;C:\Users\risha\.m2\repository\commons-digester\commons-digester\1.8.1\commons-digester-1.8.1.jar;C:\Users\risha\.m2\repository\commons-logging\commons-logging\1.2\commons-logging-1.2.jar;C:\Users\risha\.m2\repository\commons-collections\commons-collections\3.2.2\commons-collections-3.2.2.jar;C:\Users\risha\.m2\repository\com\damnhandy\handy-uri-templates\2.1.8\handy-uri-templates-2.1.8.jar;C:\Users\risha\.m2\repository\joda-time\joda-time\2.10.2\joda-time-2.10.2.jar;C:\Users\risha\.m2\repository\com\google\re2j\re2j\1.3\re2j-1.3.jar;C:\Users\risha\.m2\repository\org\springframework\boot\spring-boot-starter-data-redis-reactive\2.4.2\spring-boot-starter-data-redis-reactive-2.4.2.jar;C:\Users\risha\.m2\repository\org\springframework\boot\spring-boot-starter-data-redis\2.4.2\spring-boot-starter-data-redis-2.4.2.jar;C:\Users\risha\.m2\repository\org\springframework\boot\spring-boot-starter\2.4.2\spring-boot-starter-2.4.2.jar;C:\Users\risha\.m2\repository\org\springframework\boot\spring-boot\2.4.2\spring-boot-2.4.2.jar;C:\Users\risha\.m2\repository\org\springframework\boot\spring-boot-autoconfigure\2.4.2\spring-boot-autoconfigure-2.4.2.jar;C:\Users\risha\.m2\repository\org\springframework\boot\spring-boot-starter-logging\2.4.2\spring-boot-starter-logging-2.4.2.jar;C:\Users\risha\.m2\repository\ch\qos\logback\logback-classic\1.2.3\logback-classic-1.2.3.jar;C:\Users\risha\.m2\repository\ch\qos\logback\logback-core\1.2.3\logback-core-1.2.3.jar;C:\Users\risha\.m2\repository\org\apache\logging\log4j\log4j-to-slf4j\2.13.3\log4j-to-slf4j-2.13.3.jar;C:\Users\risha\.m2\repository\org\slf4j\jul-to-slf4j\1.7.30\jul-to-slf4j-1.7.30.jar;C:\Users\risha\.m2\repository\jakarta\annotation\jakarta.annotation-api\1.3.5\jakarta.annotation-api-1.3.5.jar;C:\Users\risha\.m2\repository\org\yaml\snakeyaml\1.27\snakeyaml-1.27.jar;C:\Users\risha\.m2\repository\io\lettuce\lettuce-core\6.0.2.RELEASE\lettuce-core-6.0.2.RELEASE.jar;C:\Users\risha\.m2\repository\io\netty\netty-common\4.1.58.Final\netty-common-4.1.58.Final.jar;C:\Users\risha\.m2\repository\io\netty\netty-handler\4.1.58.Final\netty-handler-4.1.58.Final.jar;C:\Users\risha\.m2\repository\io\netty\netty-transport\4.1.58.Final\netty-transport-4.1.58.Final.jar;C:\Users\risha\.m2\repository\io\projectreactor\reactor-core\3.4.2\reactor-core-3.4.2.jar;C:\Users\risha\.m2\repository\org\reactivestreams\reactive-streams\1.0.3\reactive-streams-1.0.3.jar;C:\Users\risha\.m2\repository\org\springframework\data\spring-data-redis\2.4.3\spring-data-redis-2.4.3.jar;C:\Users\risha\.m2\repository\org\springframework\data\spring-data-keyvalue\2.4.3\spring-data-keyvalue-2.4.3.jar;C:\Users\risha\.m2\repository\org\springframework\spring-tx\5.3.3\spring-tx-5.3.3.jar;C:\Users\risha\.m2\repository\org\springframework\spring-beans\5.3.3\spring-beans-5.3.3.jar;C:\Users\risha\.m2\repository\org\springframework\spring-oxm\5.3.3\spring-oxm-5.3.3.jar;C:\Users\risha\.m2\repository\org\springframework\spring-aop\5.3.3\spring-aop-5.3.3.jar;C:\Users\risha\.m2\repository\org\springframework\spring-context-support\5.3.3\spring-context-support-5.3.3.jar;C:\Users\risha\.m2\repository\org\slf4j\slf4j-api\1.7.30\slf4j-api-1.7.30.jar;C:\Users\risha\.m2\repository\redis\clients\jedis\3.3.0\jedis-3.3.0.jar;C:\Users\risha\.m2\repository\org\apache\commons\commons-pool2\2.9.0\commons-pool2-2.9.0.jar;C:\Users\risha\.m2\repository\com\nimbusds\nimbus-jose-jwt\8.8\nimbus-jose-jwt-8.8.jar;C:\Users\risha\.m2\repository\com\github\stephenc\jcip\jcip-annotations\1.0-1\jcip-annotations-1.0-1.jar;C:\Users\risha\.m2\repository\net\minidev\json-smart\2.3\json-smart-2.3.jar;C:\Users\risha\.m2\repository\net\minidev\accessors-smart\1.2\accessors-smart-1.2.jar;C:\Users\risha\.m2\repository\org\ow2\asm\asm\5.0.4\asm-5.0.4.jar;C:\Users\risha\.m2\repository\org\springframework\boot\spring-boot-starter-web\2.4.2\spring-boot-starter-web-2.4.2.jar;C:\Users\risha\.m2\repository\org\springframework\boot\spring-boot-starter-json\2.4.2\spring-boot-starter-json-2.4.2.jar;C:\Users\risha\.m2\repository\com\fasterxml\jackson\datatype\jackson-datatype-jdk8\2.11.4\jackson-datatype-jdk8-2.11.4.jar;C:\Users\risha\.m2\repository\com\fasterxml\jackson\datatype\jackson-datatype-jsr310\2.11.4\jackson-datatype-jsr310-2.11.4.jar;C:\Users\risha\.m2\repository\com\fasterxml\jackson\module\jackson-module-parameter-names\2.11.4\jackson-module-parameter-names-2.11.4.jar;C:\Users\risha\.m2\repository\org\springframework\boot\spring-boot-starter-tomcat\2.4.2\spring-boot-starter-tomcat-2.4.2.jar;C:\Users\risha\.m2\repository\org\apache\tomcat\embed\tomcat-embed-core\9.0.41\tomcat-embed-core-9.0.41.jar;C:\Users\risha\.m2\repository\org\glassfish\jakarta.el\3.0.3\jakarta.el-3.0.3.jar;C:\Users\risha\.m2\repository\org\apache\tomcat\embed\tomcat-embed-websocket\9.0.41\tomcat-embed-websocket-9.0.41.jar;C:\Users\risha\.m2\repository\org\springframework\spring-web\5.3.3\spring-web-5.3.3.jar;C:\Users\risha\.m2\repository\org\springframework\spring-webmvc\5.3.3\spring-webmvc-5.3.3.jar;C:\Users\risha\.m2\repository\org\springframework\spring-expression\5.3.3\spring-expression-5.3.3.jar;C:\Users\risha\.m2\repository\com\fasterxml\jackson\core\jackson-core\2.12.1\jackson-core-2.12.1.jar;C:\Users\risha\.m2\repository\org\projectlombok\lombok\1.18.22\lombok-1.18.22.jar;C:\Users\risha\.m2\repository\org\springframework\boot\spring-boot-starter-test\2.4.2\spring-boot-starter-test-2.4.2.jar;C:\Users\risha\.m2\repository\org\springframework\boot\spring-boot-test\2.4.2\spring-boot-test-2.4.2.jar;C:\Users\risha\.m2\repository\org\springframework\boot\spring-boot-test-autoconfigure\2.4.2\spring-boot-test-autoconfigure-2.4.2.jar;C:\Users\risha\.m2\repository\com\jayway\jsonpath\json-path\2.4.0\json-path-2.4.0.jar;C:\Users\risha\.m2\repository\jakarta\xml\bind\jakarta.xml.bind-api\2.3.3\jakarta.xml.bind-api-2.3.3.jar;C:\Users\risha\.m2\repository\jakarta\activation\jakarta.activation-api\1.2.2\jakarta.activation-api-1.2.2.jar;C:\Users\risha\.m2\repository\org\assertj\assertj-core\3.18.1\assertj-core-3.18.1.jar;C:\Users\risha\.m2\repository\org\hamcrest\hamcrest\2.2\hamcrest-2.2.jar;C:\Users\risha\.m2\repository\org\junit\jupiter\junit-jupiter\5.7.0\junit-jupiter-5.7.0.jar;C:\Users\risha\.m2\repository\org\junit\jupiter\junit-jupiter-api\5.7.0\junit-jupiter-api-5.7.0.jar;C:\Users\risha\.m2\repository\org\apiguardian\apiguardian-api\1.1.0\apiguardian-api-1.1.0.jar;C:\Users\risha\.m2\repository\org\opentest4j\opentest4j\1.2.0\opentest4j-1.2.0.jar;C:\Users\risha\.m2\repository\org\junit\platform\junit-platform-commons\1.7.0\junit-platform-commons-1.7.0.jar;C:\Users\risha\.m2\repository\org\junit\jupiter\junit-jupiter-params\5.7.0\junit-jupiter-params-5.7.0.jar;C:\Users\risha\.m2\repository\org\junit\jupiter\junit-jupiter-engine\5.7.0\junit-jupiter-engine-5.7.0.jar;C:\Users\risha\.m2\repository\org\junit\platform\junit-platform-engine\1.7.0\junit-platform-engine-1.7.0.jar;C:\Users\risha\.m2\repository\org\mockito\mockito-core\3.6.28\mockito-core-3.6.28.jar;C:\Users\risha\.m2\repository\net\bytebuddy\byte-buddy\1.10.19\byte-buddy-1.10.19.jar;C:\Users\risha\.m2\repository\net\bytebuddy\byte-buddy-agent\1.10.19\byte-buddy-agent-1.10.19.jar;C:\Users\risha\.m2\repository\org\objenesis\objenesis\3.1\objenesis-3.1.jar;C:\Users\risha\.m2\repository\org\mockito\mockito-junit-jupiter\3.6.28\mockito-junit-jupiter-3.6.28.jar;C:\Users\risha\.m2\repository\org\skyscreamer\jsonassert\1.5.0\jsonassert-1.5.0.jar;C:\Users\risha\.m2\repository\com\vaadin\external\google\android-json\0.0.20131108.vaadin1\android-json-0.0.20131108.vaadin1.jar;C:\Users\risha\.m2\repository\org\springframework\spring-core\5.3.3\spring-core-5.3.3.jar;C:\Users\risha\.m2\repository\org\springframework\spring-jcl\5.3.3\spring-jcl-5.3.3.jar;C:\Users\risha\.m2\repository\org\springframework\spring-test\5.3.3\spring-test-5.3.3.jar;C:\Users\risha\.m2\repository\org\xmlunit\xmlunit-core\2.7.0\xmlunit-core-2.7.0.jar;C:\Users\risha\.m2\repository\javax\javaee-web-api\7.0\javaee-web-api-7.0.jar;C:\Users\risha\.m2\repository\org\apache\httpcomponents\httpclient\4.5.12\httpclient-4.5.12.jar;C:\Users\risha\.m2\repository\org\apache\httpcomponents\httpcore\4.4.14\httpcore-4.4.14.jar;C:\Users\risha\.m2\repository\commons-codec\commons-codec\1.15\commons-codec-1.15.jar;C:\Users\risha\.m2\repository\com\rabbitmq\amqp-client\5.8.0\amqp-client-5.8.0.jar;C:\Users\risha\.m2\repository\org\springframework\boot\spring-boot-starter-amqp\2.4.2\spring-boot-starter-amqp-2.4.2.jar;C:\Users\risha\.m2\repository\org\springframework\spring-messaging\5.3.3\spring-messaging-5.3.3.jar;C:\Users\risha\.m2\repository\org\springframework\amqp\spring-rabbit\2.3.4\spring-rabbit-2.3.4.jar;C:\Users\risha\.m2\repository\org\springframework\amqp\spring-amqp\2.3.4\spring-amqp-2.3.4.jar;C:\Users\risha\.m2\repository\org\springframework\retry\spring-retry\1.3.1\spring-retry-1.3.1.jar;C:\Users\risha\.m2\repository\javax\annotation\javax.annotation-api\1.3.2\javax.annotation-api-1.3.2.jar;C:\Users\risha\.m2\repository\org\elasticsearch\client\elasticsearch-rest-high-level-client\7.9.3\elasticsearch-rest-high-level-client-7.9.3.jar;C:\Users\risha\.m2\repository\org\elasticsearch\elasticsearch\7.9.3\elasticsearch-7.9.3.jar;C:\Users\risha\.m2\repository\org\elasticsearch\elasticsearch-core\7.9.3\elasticsearch-core-7.9.3.jar;C:\Users\risha\.m2\repository\org\elasticsearch\elasticsearch-secure-sm\7.9.3\elasticsearch-secure-sm-7.9.3.jar;C:\Users\risha\.m2\repository\org\elasticsearch\elasticsearch-x-content\7.9.3\elasticsearch-x-content-7.9.3.jar;C:\Users\risha\.m2\repository\com\fasterxml\jackson\dataformat\jackson-dataformat-smile\2.11.4\jackson-dataformat-smile-2.11.4.jar;C:\Users\risha\.m2\repository\com\fasterxml\jackson\dataformat\jackson-dataformat-yaml\2.11.4\jackson-dataformat-yaml-2.11.4.jar;C:\Users\risha\.m2\repository\com\fasterxml\jackson\dataformat\jackson-dataformat-cbor\2.11.4\jackson-dataformat-cbor-2.11.4.jar;C:\Users\risha\.m2\repository\org\elasticsearch\elasticsearch-geo\7.9.3\elasticsearch-geo-7.9.3.jar;C:\Users\risha\.m2\repository\org\apache\lucene\lucene-core\8.6.2\lucene-core-8.6.2.jar;C:\Users\risha\.m2\repository\org\apache\lucene\lucene-analyzers-common\8.6.2\lucene-analyzers-common-8.6.2.jar;C:\Users\risha\.m2\repository\org\apache\lucene\lucene-backward-codecs\8.6.2\lucene-backward-codecs-8.6.2.jar;C:\Users\risha\.m2\repository\org\apache\lucene\lucene-grouping\8.6.2\lucene-grouping-8.6.2.jar;C:\Users\risha\.m2\repository\org\apache\lucene\lucene-highlighter\8.6.2\lucene-highlighter-8.6.2.jar;C:\Users\risha\.m2\repository\org\apache\lucene\lucene-join\8.6.2\lucene-join-8.6.2.jar;C:\Users\risha\.m2\repository\org\apache\lucene\lucene-memory\8.6.2\lucene-memory-8.6.2.jar;C:\Users\risha\.m2\repository\org\apache\lucene\lucene-misc\8.6.2\lucene-misc-8.6.2.jar;C:\Users\risha\.m2\repository\org\apache\lucene\lucene-queries\8.6.2\lucene-queries-8.6.2.jar;C:\Users\risha\.m2\repository\org\apache\lucene\lucene-queryparser\8.6.2\lucene-queryparser-8.6.2.jar;C:\Users\risha\.m2\repository\org\apache\lucene\lucene-sandbox\8.6.2\lucene-sandbox-8.6.2.jar;C:\Users\risha\.m2\repository\org\apache\lucene\lucene-spatial-extras\8.6.2\lucene-spatial-extras-8.6.2.jar;C:\Users\risha\.m2\repository\org\apache\lucene\lucene-spatial3d\8.6.2\lucene-spatial3d-8.6.2.jar;C:\Users\risha\.m2\repository\org\apache\lucene\lucene-suggest\8.6.2\lucene-suggest-8.6.2.jar;C:\Users\risha\.m2\repository\org\elasticsearch\elasticsearch-cli\7.9.3\elasticsearch-cli-7.9.3.jar;C:\Users\risha\.m2\repository\net\sf\jopt-simple\jopt-simple\5.0.2\jopt-simple-5.0.2.jar;C:\Users\risha\.m2\repository\com\carrotsearch\hppc\0.8.1\hppc-0.8.1.jar;C:\Users\risha\.m2\repository\com\tdunning\t-digest\3.2\t-digest-3.2.jar;C:\Users\risha\.m2\repository\org\hdrhistogram\HdrHistogram\2.1.9\HdrHistogram-2.1.9.jar;C:\Users\risha\.m2\repository\org\apache\logging\log4j\log4j-api\2.13.3\log4j-api-2.13.3.jar;C:\Users\risha\.m2\repository\org\elasticsearch\jna\5.5.0\jna-5.5.0.jar;C:\Users\risha\.m2\repository\org\elasticsearch\client\elasticsearch-rest-client\7.9.3\elasticsearch-rest-client-7.9.3.jar;C:\Users\risha\.m2\repository\org\apache\httpcomponents\httpasyncclient\4.1.4\httpasyncclient-4.1.4.jar;C:\Users\risha\.m2\repository\org\apache\httpcomponents\httpcore-nio\4.4.14\httpcore-nio-4.4.14.jar;C:\Users\risha\.m2\repository\org\elasticsearch\plugin\mapper-extras-client\7.9.3\mapper-extras-client-7.9.3.jar;C:\Users\risha\.m2\repository\org\elasticsearch\plugin\parent-join-client\7.9.3\parent-join-client-7.9.3.jar;C:\Users\risha\.m2\repository\org\elasticsearch\plugin\aggs-matrix-stats-client\7.9.3\aggs-matrix-stats-client-7.9.3.jar;C:\Users\risha\.m2\repository\org\elasticsearch\plugin\rank-eval-client\7.9.3\rank-eval-client-7.9.3.jar;C:\Users\risha\.m2\repository\org\elasticsearch\plugin\lang-mustache-client\7.9.3\lang-mustache-client-7.9.3.jar;C:\Users\risha\.m2\repository\com\github\spullara\mustache\java\compiler\0.9.6\compiler-0.9.6.jar;C:\Users\risha\.m2\repository\org\springframework\data\spring-data-elasticsearch\4.1.3\spring-data-elasticsearch-4.1.3.jar;C:\Users\risha\.m2\repository\org\springframework\spring-context\5.3.3\spring-context-5.3.3.jar;C:\Users\risha\.m2\repository\org\springframework\data\spring-data-commons\2.4.3\spring-data-commons-2.4.3.jar;C:\Users\risha\.m2\repository\org\elasticsearch\client\transport\7.9.3\transport-7.9.3.jar;C:\Users\risha\.m2\repository\org\elasticsearch\plugin\reindex-client\7.9.3\reindex-client-7.9.3.jar;C:\Users\risha\.m2\repository\org\elasticsearch\elasticsearch-ssl-config\7.9.3\elasticsearch-ssl-config-7.9.3.jar;C:\Users\risha\.m2\repository\org\elasticsearch\plugin\percolator-client\7.9.3\percolator-client-7.9.3.jar;C:\Users\risha\.m2\repository\org\elasticsearch\plugin\transport-netty4-client\7.9.3\transport-netty4-client-7.9.3.jar;C:\Users\risha\.m2\repository\io\netty\netty-buffer\4.1.58.Final\netty-buffer-4.1.58.Final.jar;C:\Users\risha\.m2\repository\io\netty\netty-codec\4.1.58.Final\netty-codec-4.1.58.Final.jar;C:\Users\risha\.m2\repository\io\netty\netty-codec-http\4.1.58.Final\netty-codec-http-4.1.58.Final.jar;C:\Users\risha\.m2\repository\io\netty\netty-resolver\4.1.58.Final\netty-resolver-4.1.58.Final.jar;C:\Users\risha\.m2\repository\com\fasterxml\jackson\core\jackson-databind\2.11.4\jackson-databind-2.11.4.jar;C:\Users\risha\.m2\repository\com\fasterxml\jackson\core\jackson-annotations\2.11.4\jackson-annotations-2.11.4.jar;"/>
    <property name="java.vm.vendor" value="Oracle Corporation"/>
    <property name="sun.arch.data.model" value="64"/>
    <property name="user.variant" value=""/>
    <property name="java.vendor.url" value="https://java.oracle.com/"/>
    <property name="user.timezone" value="America/New_York"/>
    <property name="os.name" value="Windows 11"/>
    <property name="java.vm.specification.version" value="17"/>
    <property name="sun.java.launcher" value="SUN_STANDARD"/>
    <property name="user.country" value="US"/>
    <property name="sun.boot.library.path" value="C:\Program Files\Java\jdk-17.0.2\bin"/>
    <property name="sun.java.command" value="C:\Users\risha\AppData\Local\Temp\surefire7652800623474102440\surefirebooter12395514342600749310.jar C:\Users\risha\AppData\Local\Temp\surefire7652800623474102440 2022-12-02T13-01-07_154-jvmRun1 surefire3670342282960691326tmp surefire_04970387633232633905tmp"/>
    <property name="jdk.debug" value="release"/>
    <property name="surefire.test.class.path" value="C:\Users\risha\Downloads\project\project\target\test-classes;C:\Users\risha\Downloads\project\project\target\classes;C:\Users\risha\.m2\repository\com\github\everit-org\json-schema\org.everit.json.schema\1.12.2\org.everit.json.schema-1.12.2.jar;C:\Users\risha\.m2\repository\org\json\json\20201115\json-20201115.jar;C:\Users\risha\.m2\repository\commons-validator\commons-validator\1.6\commons-validator-1.6.jar;C:\Users\risha\.m2\repository\commons-digester\commons-digester\1.8.1\commons-digester-1.8.1.jar;C:\Users\risha\.m2\repository\commons-logging\commons-logging\1.2\commons-logging-1.2.jar;C:\Users\risha\.m2\repository\commons-collections\commons-collections\3.2.2\commons-collections-3.2.2.jar;C:\Users\risha\.m2\repository\com\damnhandy\handy-uri-templates\2.1.8\handy-uri-templates-2.1.8.jar;C:\Users\risha\.m2\repository\joda-time\joda-time\2.10.2\joda-time-2.10.2.jar;C:\Users\risha\.m2\repository\com\google\re2j\re2j\1.3\re2j-1.3.jar;C:\Users\risha\.m2\repository\org\springframework\boot\spring-boot-starter-data-redis-reactive\2.4.2\spring-boot-starter-data-redis-reactive-2.4.2.jar;C:\Users\risha\.m2\repository\org\springframework\boot\spring-boot-starter-data-redis\2.4.2\spring-boot-starter-data-redis-2.4.2.jar;C:\Users\risha\.m2\repository\org\springframework\boot\spring-boot-starter\2.4.2\spring-boot-starter-2.4.2.jar;C:\Users\risha\.m2\repository\org\springframework\boot\spring-boot\2.4.2\spring-boot-2.4.2.jar;C:\Users\risha\.m2\repository\org\springframework\boot\spring-boot-autoconfigure\2.4.2\spring-boot-autoconfigure-2.4.2.jar;C:\Users\risha\.m2\repository\org\springframework\boot\spring-boot-starter-logging\2.4.2\spring-boot-starter-logging-2.4.2.jar;C:\Users\risha\.m2\repository\ch\qos\logback\logback-classic\1.2.3\logback-classic-1.2.3.jar;C:\Users\risha\.m2\repository\ch\qos\logback\logback-core\1.2.3\logback-core-1.2.3.jar;C:\Users\risha\.m2\repository\org\apache\logging\log4j\log4j-to-slf4j\2.13.3\log4j-to-slf4j-2.13.3.jar;C:\Users\risha\.m2\repository\org\slf4j\jul-to-slf4j\1.7.30\jul-to-slf4j-1.7.30.jar;C:\Users\risha\.m2\repository\jakarta\annotation\jakarta.annotation-api\1.3.5\jakarta.annotation-api-1.3.5.jar;C:\Users\risha\.m2\repository\org\yaml\snakeyaml\1.27\snakeyaml-1.27.jar;C:\Users\risha\.m2\repository\io\lettuce\lettuce-core\6.0.2.RELEASE\lettuce-core-6.0.2.RELEASE.jar;C:\Users\risha\.m2\repository\io\netty\netty-common\4.1.58.Final\netty-common-4.1.58.Final.jar;C:\Users\risha\.m2\repository\io\netty\netty-handler\4.1.58.Final\netty-handler-4.1.58.Final.jar;C:\Users\risha\.m2\repository\io\netty\netty-transport\4.1.58.Final\netty-transport-4.1.58.Final.jar;C:\Users\risha\.m2\repository\io\projectreactor\reactor-core\3.4.2\reactor-core-3.4.2.jar;C:\Users\risha\.m2\repository\org\reactivestreams\reactive-streams\1.0.3\reactive-streams-1.0.3.jar;C:\Users\risha\.m2\repository\org\springframework\data\spring-data-redis\2.4.3\spring-data-redis-2.4.3.jar;C:\Users\risha\.m2\repository\org\springframework\data\spring-data-keyvalue\2.4.3\spring-data-keyvalue-2.4.3.jar;C:\Users\risha\.m2\repository\org\springframework\spring-tx\5.3.3\spring-tx-5.3.3.jar;C:\Users\risha\.m2\repository\org\springframework\spring-beans\5.3.3\spring-beans-5.3.3.jar;C:\Users\risha\.m2\repository\org\springframework\spring-oxm\5.3.3\spring-oxm-5.3.3.jar;C:\Users\risha\.m2\repository\org\springframework\spring-aop\5.3.3\spring-aop-5.3.3.jar;C:\Users\risha\.m2\repository\org\springframework\spring-context-support\5.3.3\spring-context-support-5.3.3.jar;C:\Users\risha\.m2\repository\org\slf4j\slf4j-api\1.7.30\slf4j-api-1.7.30.jar;C:\Users\risha\.m2\repository\redis\clients\jedis\3.3.0\jedis-3.3.0.jar;C:\Users\risha\.m2\repository\org\apache\commons\commons-pool2\2.9.0\commons-pool2-2.9.0.jar;C:\Users\risha\.m2\repository\com\nimbusds\nimbus-jose-jwt\8.8\nimbus-jose-jwt-8.8.jar;C:\Users\risha\.m2\repository\com\github\stephenc\jcip\jcip-annotations\1.0-1\jcip-annotations-1.0-1.jar;C:\Users\risha\.m2\repository\net\minidev\json-smart\2.3\json-smart-2.3.jar;C:\Users\risha\.m2\repository\net\minidev\accessors-smart\1.2\accessors-smart-1.2.jar;C:\Users\risha\.m2\repository\org\ow2\asm\asm\5.0.4\asm-5.0.4.jar;C:\Users\risha\.m2\repository\org\springframework\boot\spring-boot-starter-web\2.4.2\spring-boot-starter-web-2.4.2.jar;C:\Users\risha\.m2\repository\org\springframework\boot\spring-boot-starter-json\2.4.2\spring-boot-starter-json-2.4.2.jar;C:\Users\risha\.m2\repository\com\fasterxml\jackson\datatype\jackson-datatype-jdk8\2.11.4\jackson-datatype-jdk8-2.11.4.jar;C:\Users\risha\.m2\repository\com\fasterxml\jackson\datatype\jackson-datatype-jsr310\2.11.4\jackson-datatype-jsr310-2.11.4.jar;C:\Users\risha\.m2\repository\com\fasterxml\jackson\module\jackson-module-parameter-names\2.11.4\jackson-module-parameter-names-2.11.4.jar;C:\Users\risha\.m2\repository\org\springframework\boot\spring-boot-starter-tomcat\2.4.2\spring-boot-starter-tomcat-2.4.2.jar;C:\Users\risha\.m2\repository\org\apache\tomcat\embed\tomcat-embed-core\9.0.41\tomcat-embed-core-9.0.41.jar;C:\Users\risha\.m2\repository\org\glassfish\jakarta.el\3.0.3\jakarta.el-3.0.3.jar;C:\Users\risha\.m2\repository\org\apache\tomcat\embed\tomcat-embed-websocket\9.0.41\tomcat-embed-websocket-9.0.41.jar;C:\Users\risha\.m2\repository\org\springframework\spring-web\5.3.3\spring-web-5.3.3.jar;C:\Users\risha\.m2\repository\org\springframework\spring-webmvc\5.3.3\spring-webmvc-5.3.3.jar;C:\Users\risha\.m2\repository\org\springframework\spring-expression\5.3.3\spring-expression-5.3.3.jar;C:\Users\risha\.m2\repository\com\fasterxml\jackson\core\jackson-core\2.12.1\jackson-core-2.12.1.jar;C:\Users\risha\.m2\repository\org\projectlombok\lombok\1.18.22\lombok-1.18.22.jar;C:\Users\risha\.m2\repository\org\springframework\boot\spring-boot-starter-test\2.4.2\spring-boot-starter-test-2.4.2.jar;C:\Users\risha\.m2\repository\org\springframework\boot\spring-boot-test\2.4.2\spring-boot-test-2.4.2.jar;C:\Users\risha\.m2\repository\org\springframework\boot\spring-boot-test-autoconfigure\2.4.2\spring-boot-test-autoconfigure-2.4.2.jar;C:\Users\risha\.m2\repository\com\jayway\jsonpath\json-path\2.4.0\json-path-2.4.0.jar;C:\Users\risha\.m2\repository\jakarta\xml\bind\jakarta.xml.bind-api\2.3.3\jakarta.xml.bind-api-2.3.3.jar;C:\Users\risha\.m2\repository\jakarta\activation\jakarta.activation-api\1.2.2\jakarta.activation-api-1.2.2.jar;C:\Users\risha\.m2\repository\org\assertj\assertj-core\3.18.1\assertj-core-3.18.1.jar;C:\Users\risha\.m2\repository\org\hamcrest\hamcrest\2.2\hamcrest-2.2.jar;C:\Users\risha\.m2\repository\org\junit\jupiter\junit-jupiter\5.7.0\junit-jupiter-5.7.0.jar;C:\Users\risha\.m2\repository\org\junit\jupiter\junit-jupiter-api\5.7.0\junit-jupiter-api-5.7.0.jar;C:\Users\risha\.m2\repository\org\apiguardian\apiguardian-api\1.1.0\apiguardian-api-1.1.0.jar;C:\Users\risha\.m2\repository\org\opentest4j\opentest4j\1.2.0\opentest4j-1.2.0.jar;C:\Users\risha\.m2\repository\org\junit\platform\junit-platform-commons\1.7.0\junit-platform-commons-1.7.0.jar;C:\Users\risha\.m2\repository\org\junit\jupiter\junit-jupiter-params\5.7.0\junit-jupiter-params-5.7.0.jar;C:\Users\risha\.m2\repository\org\junit\jupiter\junit-jupiter-engine\5.7.0\junit-jupiter-engine-5.7.0.jar;C:\Users\risha\.m2\repository\org\junit\platform\junit-platform-engine\1.7.0\junit-platform-engine-1.7.0.jar;C:\Users\risha\.m2\repository\org\mockito\mockito-core\3.6.28\mockito-core-3.6.28.jar;C:\Users\risha\.m2\repository\net\bytebuddy\byte-buddy\1.10.19\byte-buddy-1.10.19.jar;C:\Users\risha\.m2\repository\net\bytebuddy\byte-buddy-agent\1.10.19\byte-buddy-agent-1.10.19.jar;C:\Users\risha\.m2\repository\org\objenesis\objenesis\3.1\objenesis-3.1.jar;C:\Users\risha\.m2\repository\org\mockito\mockito-junit-jupiter\3.6.28\mockito-junit-jupiter-3.6.28.jar;C:\Users\risha\.m2\repository\org\skyscreamer\jsonassert\1.5.0\jsonassert-1.5.0.jar;C:\Users\risha\.m2\repository\com\vaadin\external\google\android-json\0.0.20131108.vaadin1\android-json-0.0.20131108.vaadin1.jar;C:\Users\risha\.m2\repository\org\springframework\spring-core\5.3.3\spring-core-5.3.3.jar;C:\Users\risha\.m2\repository\org\springframework\spring-jcl\5.3.3\spring-jcl-5.3.3.jar;C:\Users\risha\.m2\repository\org\springframework\spring-test\5.3.3\spring-test-5.3.3.jar;C:\Users\risha\.m2\repository\org\xmlunit\xmlunit-core\2.7.0\xmlunit-core-2.7.0.jar;C:\Users\risha\.m2\repository\javax\javaee-web-api\7.0\javaee-web-api-7.0.jar;C:\Users\risha\.m2\repository\org\apache\httpcomponents\httpclient\4.5.12\httpclient-4.5.12.jar;C:\Users\risha\.m2\repository\org\apache\httpcomponents\httpcore\4.4.14\httpcore-4.4.14.jar;C:\Users\risha\.m2\repository\commons-codec\commons-codec\1.15\commons-codec-1.15.jar;C:\Users\risha\.m2\repository\com\rabbitmq\amqp-client\5.8.0\amqp-client-5.8.0.jar;C:\Users\risha\.m2\repository\org\springframework\boot\spring-boot-starter-amqp\2.4.2\spring-boot-starter-amqp-2.4.2.jar;C:\Users\risha\.m2\repository\org\springframework\spring-messaging\5.3.3\spring-messaging-5.3.3.jar;C:\Users\risha\.m2\repository\org\springframework\amqp\spring-rabbit\2.3.4\spring-rabbit-2.3.4.jar;C:\Users\risha\.m2\repository\org\springframework\amqp\spring-amqp\2.3.4\spring-amqp-2.3.4.jar;C:\Users\risha\.m2\repository\org\springframework\retry\spring-retry\1.3.1\spring-retry-1.3.1.jar;C:\Users\risha\.m2\repository\javax\annotation\javax.annotation-api\1.3.2\javax.annotation-api-1.3.2.jar;C:\Users\risha\.m2\repository\org\elasticsearch\client\elasticsearch-rest-high-level-client\7.9.3\elasticsearch-rest-high-level-client-7.9.3.jar;C:\Users\risha\.m2\repository\org\elasticsearch\elasticsearch\7.9.3\elasticsearch-7.9.3.jar;C:\Users\risha\.m2\repository\org\elasticsearch\elasticsearch-core\7.9.3\elasticsearch-core-7.9.3.jar;C:\Users\risha\.m2\repository\org\elasticsearch\elasticsearch-secure-sm\7.9.3\elasticsearch-secure-sm-7.9.3.jar;C:\Users\risha\.m2\repository\org\elasticsearch\elasticsearch-x-content\7.9.3\elasticsearch-x-content-7.9.3.jar;C:\Users\risha\.m2\repository\com\fasterxml\jackson\dataformat\jackson-dataformat-smile\2.11.4\jackson-dataformat-smile-2.11.4.jar;C:\Users\risha\.m2\repository\com\fasterxml\jackson\dataformat\jackson-dataformat-yaml\2.11.4\jackson-dataformat-yaml-2.11.4.jar;C:\Users\risha\.m2\repository\com\fasterxml\jackson\dataformat\jackson-dataformat-cbor\2.11.4\jackson-dataformat-cbor-2.11.4.jar;C:\Users\risha\.m2\repository\org\elasticsearch\elasticsearch-geo\7.9.3\elasticsearch-geo-7.9.3.jar;C:\Users\risha\.m2\repository\org\apache\lucene\lucene-core\8.6.2\lucene-core-8.6.2.jar;C:\Users\risha\.m2\repository\org\apache\lucene\lucene-analyzers-common\8.6.2\lucene-analyzers-common-8.6.2.jar;C:\Users\risha\.m2\repository\org\apache\lucene\lucene-backward-codecs\8.6.2\lucene-backward-codecs-8.6.2.jar;C:\Users\risha\.m2\repository\org\apache\lucene\lucene-grouping\8.6.2\lucene-grouping-8.6.2.jar;C:\Users\risha\.m2\repository\org\apache\lucene\lucene-highlighter\8.6.2\lucene-highlighter-8.6.2.jar;C:\Users\risha\.m2\repository\org\apache\lucene\lucene-join\8.6.2\lucene-join-8.6.2.jar;C:\Users\risha\.m2\repository\org\apache\lucene\lucene-memory\8.6.2\lucene-memory-8.6.2.jar;C:\Users\risha\.m2\repository\org\apache\lucene\lucene-misc\8.6.2\lucene-misc-8.6.2.jar;C:\Users\risha\.m2\repository\org\apache\lucene\lucene-queries\8.6.2\lucene-queries-8.6.2.jar;C:\Users\risha\.m2\repository\org\apache\lucene\lucene-queryparser\8.6.2\lucene-queryparser-8.6.2.jar;C:\Users\risha\.m2\repository\org\apache\lucene\lucene-sandbox\8.6.2\lucene-sandbox-8.6.2.jar;C:\Users\risha\.m2\repository\org\apache\lucene\lucene-spatial-extras\8.6.2\lucene-spatial-extras-8.6.2.jar;C:\Users\risha\.m2\repository\org\apache\lucene\lucene-spatial3d\8.6.2\lucene-spatial3d-8.6.2.jar;C:\Users\risha\.m2\repository\org\apache\lucene\lucene-suggest\8.6.2\lucene-suggest-8.6.2.jar;C:\Users\risha\.m2\repository\org\elasticsearch\elasticsearch-cli\7.9.3\elasticsearch-cli-7.9.3.jar;C:\Users\risha\.m2\repository\net\sf\jopt-simple\jopt-simple\5.0.2\jopt-simple-5.0.2.jar;C:\Users\risha\.m2\repository\com\carrotsearch\hppc\0.8.1\hppc-0.8.1.jar;C:\Users\risha\.m2\repository\com\tdunning\t-digest\3.2\t-digest-3.2.jar;C:\Users\risha\.m2\repository\org\hdrhistogram\HdrHistogram\2.1.9\HdrHistogram-2.1.9.jar;C:\Users\risha\.m2\repository\org\apache\logging\log4j\log4j-api\2.13.3\log4j-api-2.13.3.jar;C:\Users\risha\.m2\repository\org\elasticsearch\jna\5.5.0\jna-5.5.0.jar;C:\Users\risha\.m2\repository\org\elasticsearch\client\elasticsearch-rest-client\7.9.3\elasticsearch-rest-client-7.9.3.jar;C:\Users\risha\.m2\repository\org\apache\httpcomponents\httpasyncclient\4.1.4\httpasyncclient-4.1.4.jar;C:\Users\risha\.m2\repository\org\apache\httpcomponents\httpcore-nio\4.4.14\httpcore-nio-4.4.14.jar;C:\Users\risha\.m2\repository\org\elasticsearch\plugin\mapper-extras-client\7.9.3\mapper-extras-client-7.9.3.jar;C:\Users\risha\.m2\repository\org\elasticsearch\plugin\parent-join-client\7.9.3\parent-join-client-7.9.3.jar;C:\Users\risha\.m2\repository\org\elasticsearch\plugin\aggs-matrix-stats-client\7.9.3\aggs-matrix-stats-client-7.9.3.jar;C:\Users\risha\.m2\repository\org\elasticsearch\plugin\rank-eval-client\7.9.3\rank-eval-client-7.9.3.jar;C:\Users\risha\.m2\repository\org\elasticsearch\plugin\lang-mustache-client\7.9.3\lang-mustache-client-7.9.3.jar;C:\Users\risha\.m2\repository\com\github\spullara\mustache\java\compiler\0.9.6\compiler-0.9.6.jar;C:\Users\risha\.m2\repository\org\springframework\data\spring-data-elasticsearch\4.1.3\spring-data-elasticsearch-4.1.3.jar;C:\Users\risha\.m2\repository\org\springframework\spring-context\5.3.3\spring-context-5.3.3.jar;C:\Users\risha\.m2\repository\org\springframework\data\spring-data-commons\2.4.3\spring-data-commons-2.4.3.jar;C:\Users\risha\.m2\repository\org\elasticsearch\client\transport\7.9.3\transport-7.9.3.jar;C:\Users\risha\.m2\repository\org\elasticsearch\plugin\reindex-client\7.9.3\reindex-client-7.9.3.jar;C:\Users\risha\.m2\repository\org\elasticsearch\elasticsearch-ssl-config\7.9.3\elasticsearch-ssl-config-7.9.3.jar;C:\Users\risha\.m2\repository\org\elasticsearch\plugin\percolator-client\7.9.3\percolator-client-7.9.3.jar;C:\Users\risha\.m2\repository\org\elasticsearch\plugin\transport-netty4-client\7.9.3\transport-netty4-client-7.9.3.jar;C:\Users\risha\.m2\repository\io\netty\netty-buffer\4.1.58.Final\netty-buffer-4.1.58.Final.jar;C:\Users\risha\.m2\repository\io\netty\netty-codec\4.1.58.Final\netty-codec-4.1.58.Final.jar;C:\Users\risha\.m2\repository\io\netty\netty-codec-http\4.1.58.Final\netty-codec-http-4.1.58.Final.jar;C:\Users\risha\.m2\repository\io\netty\netty-resolver\4.1.58.Final\netty-resolver-4.1.58.Final.jar;C:\Users\risha\.m2\repository\com\fasterxml\jackson\core\jackson-databind\2.11.4\jackson-databind-2.11.4.jar;C:\Users\risha\.m2\repository\com\fasterxml\jackson\core\jackson-annotations\2.11.4\jackson-annotations-2.11.4.jar;"/>
    <property name="sun.cpu.endian" value="little"/>
    <property name="user.home" value="C:\Users\risha"/>
    <property name="user.language" value="en"/>
    <property name="java.specification.vendor" value="Oracle Corporation"/>
    <property name="java.version.date" value="2022-01-18"/>
    <property name="java.home" value="C:\Program Files\Java\jdk-17.0.2"/>
    <property name="file.separator" value="\"/>
    <property name="basedir" value="C:\Users\risha\Downloads\project\project"/>
    <property name="java.vm.compressedOopsMode" value="Zero based"/>
    <property name="line.separator" value="&#10;"/>
    <property name="java.vm.specification.vendor" value="Oracle Corporation"/>
    <property name="java.specification.name" value="Java Platform API Specification"/>
    <property name="surefire.real.class.path" value="C:\Users\risha\AppData\Local\Temp\surefire7652800623474102440\surefirebooter12395514342600749310.jar"/>
    <property name="user.script" value=""/>
    <property name="sun.management.compiler" value="HotSpot 64-Bit Tiered Compilers"/>
    <property name="java.runtime.version" value="17.0.2+8-LTS-86"/>
    <property name="user.name" value="rishabh"/>
    <property name="path.separator" value=";"/>
    <property name="os.version" value="10.0"/>
    <property name="java.runtime.name" value="Java(TM) SE Runtime Environment"/>
    <property name="file.encoding" value="Cp1252"/>
    <property name="java.vm.name" value="Java HotSpot(TM) 64-Bit Server VM"/>
    <property name="localRepository" value="C:\Users\risha\.m2\repository"/>
    <property name="java.vendor.url.bug" value="https://bugreport.java.com/bugreport/"/>
    <property name="java.io.tmpdir" value="C:\Users\risha\AppData\Local\Temp\"/>
    <property name="idea.version" value="2022.2.3"/>
    <property name="java.version" value="17.0.2"/>
    <property name="user.dir" value="C:\Users\risha\Downloads\project\project"/>
    <property name="os.arch" value="amd64"/>
    <property name="java.vm.specification.name" value="Java Virtual Machine Specification"/>
    <property name="sun.os.patch.level" value=""/>
    <property name="native.encoding" value="Cp1252"/>
    <property name="java.library.path" value="C:\Program Files\Java\jdk-17.0.2\bin;C:\WINDOWS\Sun\Java\bin;C:\WINDOWS\system32;C:\WINDOWS;C:\app\rishabh\product\21c\dbhomeXE\bin;C:\Program Files\Microsoft\jdk-11.0.12.7-hotspot\bin;C:\oracle\WINDOWS.X64_213000_db_home\bin;C:\Program Files\Common Files\Oracle\Java\javapath;C:\Python310\Scripts\;C:\Python310\;C:\Windows\system32;C:\Windows;C:\Windows\System32\Wbem;C:\Windows\System32\WindowsPowerShell\v1.0\;C:\Windows\System32\OpenSSH\;C:\Program Files (x86)\NVIDIA Corporation\PhysX\Common;C:\Program Files\nodejs\;C:\ProgramData\chocolatey\bin;C:\Program Files\Microsoft SQL Server\150\Tools\Binn\;C:\Program Files\Microsoft SQL Server\Client SDK\ODBC\170\Tools\Binn\;C:\Program Files\dotnet\;C:\Program Files\MongoDB\Server\6.0\bin;C:\WINDOWS\system32;C:\WINDOWS;C:\WINDOWS\System32\Wbem;C:\WINDOWS\System32\WindowsPowerShell\v1.0\;C:\WINDOWS\System32\OpenSSH\;C:\Program Files\Git\cmd;C:\Users\risha\Downloads\kibana-8.5.2-windows-x86_64\kibana-8.5.2\bin;C:\Users\risha\Downloads\Redis-x64-3.0.504;C:\Ruby31-x64\bin;C:\Program Files\MySQL\MySQL Shell 8.0\bin\;C:\Users\risha\AppData\Local\Microsoft\WindowsApps;C:\Users\risha\AppData\Local\Programs\Microsoft VS Code\bin;C:\Users\risha\AppData\Roaming\npm;C:\Program Files\Java\jdk-17.0.2\bin;C:\maven\apache-maven-3.8.4\bin;C:\Users\risha\.dotnet\tools;C:\Program Files\JetBrains\PyCharm Community Edition 2022.2.1\bin;;C:\Program Files\MongoDB\Server\6.0\bin;C:\Users\risha\Downloads\kibana-8.5.2-windows-x86_64\kibana-8.5.2\bin;C:\Users\risha\Downloads\Redis-x64-3.0.504;;."/>
    <property name="java.vm.info" value="mixed mode, sharing"/>
    <property name="java.vendor" value="Oracle Corporation"/>
    <property name="java.vm.version" value="17.0.2+8-LTS-86"/>
    <property name="sun.io.unicode.encoding" value="UnicodeLittle"/>
    <property name="java.class.version" value="61.0"/>
  </properties>
  <testcase name="contextLoads" classname="com.bigdataindexing.project.ProjectApplicationTests" time="0.289"/>
</testsuite>